{
  "RSpec": {
    "coverage": {
      "/home/lournkellly/projects/rails/codechallenge/spec/controllers/uploads_controller_spec.rb": [
        1,
        null,
        1,
        1,
        null,
        1,
        1,
        1,
        4,
        4,
        null,
        null,
        1,
        1,
        null,
        null,
        1,
        1,
        1,
        null,
        null,
        1,
        1,
        1,
        null,
        null,
        1,
        1,
        1,
        1,
        null,
        null,
        null,
        1,
        1,
        1,
        1,
        1,
        null,
        null,
        1,
        1,
        1,
        1,
        1,
        null,
        null,
        null,
        null,
        1,
        1,
        1,
        2,
        2,
        2,
        null,
        null,
        1,
        1,
        1,
        1,
        1,
        null,
        null,
        1,
        1,
        1,
        1,
        null,
        null,
        null,
        1,
        1,
        2,
        2,
        2,
        2,
        null,
        null,
        1,
        1,
        1,
        1,
        null,
        null,
        1,
        1,
        1,
        1,
        null,
        null,
        null,
        null,
        1,
        1,
        1,
        1,
        1,
        1,
        1,
        null,
        null,
        null,
        null
      ],
      "/home/lournkellly/projects/rails/codechallenge/spec/rails_helper.rb": [
        null,
        1,
        1,
        null,
        1,
        1,
        1,
        null,
        null,
        null,
        null,
        null,
        null,
        null,
        null,
        null,
        null,
        null,
        null,
        null,
        null,
        null,
        null,
        null,
        null,
        null,
        1,
        null,
        1,
        null,
        1,
        null,
        null,
        null,
        null,
        1,
        null,
        null,
        null,
        null,
        null,
        null,
        null,
        null,
        null,
        null,
        null,
        null,
        null,
        null,
        1,
        null,
        null,
        1,
        null,
        null,
        null
      ],
      "/home/lournkellly/projects/rails/codechallenge/config/environment.rb": [
        null,
        1,
        null,
        null,
        1
      ],
      "/home/lournkellly/projects/rails/codechallenge/config/application.rb": [
        1,
        null,
        1,
        null,
        null,
        null,
        1,
        null,
        1,
        1,
        null,
        null,
        null,
        null,
        null,
        null,
        null,
        null,
        null,
        null,
        null,
        null,
        null,
        1,
        null,
        null
      ],
      "/home/lournkellly/projects/rails/codechallenge/config/boot.rb": [
        1,
        null,
        1
      ],
      "/home/lournkellly/projects/rails/codechallenge/config/environments/test.rb": [
        1,
        null,
        null,
        null,
        null,
        null,
        null,
        1,
        null,
        null,
        null,
        null,
        1,
        null,
        null,
        1,
        1,
        null,
        null,
        1,
        1,
        null,
        null,
        1,
        null,
        null,
        1,
        null,
        null,
        null,
        null,
        1,
        null,
        null,
        1,
        null,
        null,
        1,
        null,
        null,
        null,
        null
      ],
      "/home/lournkellly/projects/rails/codechallenge/config/initializers/assets.rb": [
        null,
        null,
        null,
        1,
        null,
        null,
        null,
        null,
        null,
        null,
        null
      ],
      "/home/lournkellly/projects/rails/codechallenge/config/initializers/backtrace_silencers.rb": [
        null,
        null,
        null,
        null,
        null,
        null,
        null
      ],
      "/home/lournkellly/projects/rails/codechallenge/config/initializers/cookies_serializer.rb": [
        null,
        null,
        1
      ],
      "/home/lournkellly/projects/rails/codechallenge/config/initializers/filter_parameter_logging.rb": [
        null,
        null,
        null,
        1
      ],
      "/home/lournkellly/projects/rails/codechallenge/config/initializers/inflections.rb": [
        null,
        null,
        null,
        null,
        null,
        null,
        null,
        null,
        null,
        null,
        null,
        null,
        null,
        null,
        null,
        null
      ],
      "/home/lournkellly/projects/rails/codechallenge/config/initializers/mime_types.rb": [
        null,
        null,
        null,
        null
      ],
      "/home/lournkellly/projects/rails/codechallenge/config/initializers/session_store.rb": [
        null,
        null,
        1
      ],
      "/home/lournkellly/projects/rails/codechallenge/config/initializers/wrap_parameters.rb": [
        null,
        null,
        null,
        null,
        null,
        null,
        1,
        1,
        null,
        null,
        null,
        null,
        null,
        null
      ],
      "/home/lournkellly/projects/rails/codechallenge/config/routes.rb": [
        1,
        1,
        1,
        1,
        1,
        null
      ],
      "/home/lournkellly/projects/rails/codechallenge/app/helpers/application_helper.rb": [
        1,
        null
      ],
      "/home/lournkellly/projects/rails/codechallenge/app/helpers/uploads_helper.rb": [
        1,
        1,
        5,
        null,
        5,
        null,
        null,
        null,
        5,
        0,
        0,
        null,
        null,
        5,
        null,
        null,
        5,
        0,
        0,
        0,
        0,
        null,
        null,
        null,
        0,
        null,
        5,
        null,
        5,
        null,
        null,
        null,
        1,
        null,
        null,
        null,
        null,
        null,
        null,
        null,
        null,
        null,
        null,
        null,
        null,
        null,
        null,
        null,
        null,
        1,
        null,
        null
      ],
      "/home/lournkellly/projects/rails/codechallenge/app/controllers/uploads_controller.rb": [
        1,
        null,
        1,
        null,
        1,
        4,
        4,
        4,
        4,
        4,
        null,
        4,
        4,
        null,
        2,
        null,
        null,
        4,
        8,
        8,
        null,
        null,
        4,
        null,
        null,
        1,
        4,
        4,
        4,
        null,
        null,
        1,
        0,
        0,
        0,
        null,
        null,
        null,
        1,
        1,
        null,
        null,
        null,
        null,
        null,
        null,
        null,
        null,
        null,
        null,
        1,
        8,
        8,
        null,
        8,
        8,
        null,
        8,
        8,
        null,
        8,
        8,
        null,
        8,
        8,
        null,
        null,
        1,
        null
      ],
      "/home/lournkellly/projects/rails/codechallenge/app/controllers/application_controller.rb": [
        1,
        null,
        null,
        1,
        null
      ],
      "/home/lournkellly/projects/rails/codechallenge/spec/models/item_spec.rb": [
        1,
        null,
        1,
        1,
        1,
        1,
        null,
        null,
        1,
        1,
        1,
        null,
        null,
        1,
        1,
        1,
        1,
        null,
        1,
        1,
        null,
        null,
        1,
        1,
        1,
        1,
        null,
        1,
        1,
        1,
        null,
        null,
        1,
        1,
        1,
        1,
        null,
        1,
        1,
        2,
        null,
        null
      ],
      "/home/lournkellly/projects/rails/codechallenge/app/models/item.rb": [
        1,
        1,
        1,
        1,
        null
      ],
      "/home/lournkellly/projects/rails/codechallenge/spec/models/merchant_spec.rb": [
        1,
        null,
        1,
        1,
        1,
        1,
        null,
        null,
        1,
        1,
        1,
        null,
        null,
        1,
        1,
        1,
        1,
        null,
        1,
        1,
        null,
        null,
        1,
        1,
        1,
        1,
        null,
        1,
        1,
        2,
        null,
        null
      ],
      "/home/lournkellly/projects/rails/codechallenge/app/models/merchant.rb": [
        1,
        1,
        1,
        1,
        1,
        null
      ],
      "/home/lournkellly/projects/rails/codechallenge/spec/models/purchase_spec.rb": [
        1,
        null,
        1,
        1,
        1,
        1,
        null,
        null,
        1,
        1,
        1,
        null,
        null,
        1,
        1,
        1,
        null,
        null,
        1,
        1,
        1,
        1,
        null,
        1,
        1,
        2,
        1,
        null,
        null
      ],
      "/home/lournkellly/projects/rails/codechallenge/app/models/purchase.rb": [
        1,
        1,
        1,
        1,
        null
      ],
      "/home/lournkellly/projects/rails/codechallenge/spec/models/purchaser_spec.rb": [
        1,
        null,
        1,
        1,
        1,
        1,
        null,
        null,
        1,
        1,
        1,
        1,
        null,
        1,
        1,
        2,
        null,
        null
      ],
      "/home/lournkellly/projects/rails/codechallenge/app/models/purchaser.rb": [
        1,
        1,
        1,
        null
      ],
      "/home/lournkellly/projects/rails/codechallenge/spec/models/sale_spec.rb": [
        1,
        null,
        1,
        1,
        1,
        1,
        null,
        null,
        1,
        1,
        1,
        null,
        null,
        1,
        1,
        1,
        1,
        null,
        1,
        1,
        2,
        1,
        null,
        null
      ],
      "/home/lournkellly/projects/rails/codechallenge/app/models/sale.rb": [
        1,
        1,
        1,
        null
      ]
    },
    "timestamp": 1491327479
  }
}
